# JRE version: Java(TM) SE Runtime Environment (8.0_121-b13) (build 1.8.0_121-b13)
# Java VM: Java HotSpot(TM) 64-Bit Server VM (25.121-b13 mixed mode windows-amd64 compressed oops)
Heap:
 PSYoungGen      total 25088K, used 21909K [0x00000000eb100000, 0x00000000ecd00000, 0x0000000100000000)
  eden space 22528K, 94% used [0x00000000eb100000,0x00000000ec5b8b18,0x00000000ec700000)
  from space 2560K, 26% used [0x00000000eca80000,0x00000000ecb2ca80,0x00000000ecd00000)
  to   space 3072K, 0% used [0x00000000ec700000,0x00000000ec700000,0x00000000eca00000)
 ParOldGen       total 30208K, used 2802K [0x00000000c1200000, 0x00000000c2f80000, 0x00000000eb100000)
  object space 30208K, 9% used [0x00000000c1200000,0x00000000c14bc9b0,0x00000000c2f80000)
 Metaspace       used 14880K, capacity 15524K, committed 15744K, reserved 1067008K
  class space    used 2172K, capacity 2338K, committed 2432K, reserved 1048576K
GC Heap History (10 events):
Event: 9.641 GC heap before
{Heap before GC invocations=9 (full 1):
 PSYoungGen      total 23552K, used 20658K [0x00000000eb100000, 0x00000000ecb80000, 0x0000000100000000)
  eden space 19968K, 100% used [0x00000000eb100000,0x00000000ec480000,0x00000000ec480000)
  from space 3584K, 19% used [0x00000000ec480000,0x00000000ec52ca80,0x00000000ec800000)
  to   space 3072K, 0% used [0x00000000ec880000,0x00000000ec880000,0x00000000ecb80000)
 ParOldGen       total 30208K, used 2802K [0x00000000c1200000, 0x00000000c2f80000, 0x00000000eb100000)
  object space 30208K, 9% used [0x00000000c1200000,0x00000000c14bc9b0,0x00000000c2f80000)
 Metaspace       used 14832K, capacity 15448K, committed 15744K, reserved 1067008K
  class space    used 2167K, capacity 2336K, committed 2432K, reserved 1048576K
Event: 9.642 GC heap after
Heap after GC invocations=9 (full 1):
 PSYoungGen      total 23040K, used 690K [0x00000000eb100000, 0x00000000ecb80000, 0x0000000100000000)
  eden space 19968K, 0% used [0x00000000eb100000,0x00000000eb100000,0x00000000ec480000)
  from space 3072K, 22% used [0x00000000ec880000,0x00000000ec92ca80,0x00000000ecb80000)
  to   space 3584K, 0% used [0x00000000ec480000,0x00000000ec480000,0x00000000ec800000)
 ParOldGen       total 30208K, used 2802K [0x00000000c1200000, 0x00000000c2f80000, 0x00000000eb100000)
  object space 30208K, 9% used [0x00000000c1200000,0x00000000c14bc9b0,0x00000000c2f80000)
 Metaspace       used 14832K, capacity 15448K, committed 15744K, reserved 1067008K
  class space    used 2167K, capacity 2336K, committed 2432K, reserved 1048576K
}
Event: 13.295 GC heap before
{Heap before GC invocations=10 (full 1):
 PSYoungGen      total 23040K, used 20658K [0x00000000eb100000, 0x00000000ecb80000, 0x0000000100000000)
  eden space 19968K, 100% used [0x00000000eb100000,0x00000000ec480000,0x00000000ec480000)
  from space 3072K, 22% used [0x00000000ec880000,0x00000000ec92ca80,0x00000000ecb80000)
  to   space 3584K, 0% used [0x00000000ec480000,0x00000000ec480000,0x00000000ec800000)
 ParOldGen       total 30208K, used 2802K [0x00000000c1200000, 0x00000000c2f80000, 0x00000000eb100000)
  object space 30208K, 9% used [0x00000000c1200000,0x00000000c14bc9b0,0x00000000c2f80000)
 Metaspace       used 14832K, capacity 15448K, committed 15744K, reserved 1067008K
  class space    used 2167K, capacity 2336K, committed 2432K, reserved 1048576K
Event: 13.299 GC heap after
Heap after GC invocations=10 (full 1):
 PSYoungGen      total 23552K, used 690K [0x00000000eb100000, 0x00000000ecc00000, 0x0000000100000000)
  eden space 19968K, 0% used [0x00000000eb100000,0x00000000eb100000,0x00000000ec480000)
  from space 3584K, 19% used [0x00000000ec480000,0x00000000ec52ca80,0x00000000ec800000)
  to   space 3072K, 0% used [0x00000000ec900000,0x00000000ec900000,0x00000000ecc00000)
 ParOldGen       total 30208K, used 2802K [0x00000000c1200000, 0x00000000c2f80000, 0x00000000eb100000)
  object space 30208K, 9% used [0x00000000c1200000,0x00000000c14bc9b0,0x00000000c2f80000)
 Metaspace       used 14832K, capacity 15448K, committed 15744K, reserved 1067008K
  class space    used 2167K, capacity 2336K, committed 2432K, reserved 1048576K
}
Event: 18.353 GC heap before
{Heap before GC invocations=11 (full 1):
 PSYoungGen      total 23552K, used 20658K [0x00000000eb100000, 0x00000000ecc00000, 0x0000000100000000)
  eden space 19968K, 100% used [0x00000000eb100000,0x00000000ec480000,0x00000000ec480000)
  from space 3584K, 19% used [0x00000000ec480000,0x00000000ec52ca80,0x00000000ec800000)
  to   space 3072K, 0% used [0x00000000ec900000,0x00000000ec900000,0x00000000ecc00000)
 ParOldGen       total 30208K, used 2802K [0x00000000c1200000, 0x00000000c2f80000, 0x00000000eb100000)
  object space 30208K, 9% used [0x00000000c1200000,0x00000000c14bc9b0,0x00000000c2f80000)
 Metaspace       used 14832K, capacity 15448K, committed 15744K, reserved 1067008K
  class space    used 2167K, capacity 2336K, committed 2432K, reserved 1048576K
Event: 18.356 GC heap after
Heap after GC invocations=11 (full 1):
 PSYoungGen      total 24576K, used 690K [0x00000000eb100000, 0x00000000ecc00000, 0x0000000100000000)
  eden space 21504K, 0% used [0x00000000eb100000,0x00000000eb100000,0x00000000ec600000)
  from space 3072K, 22% used [0x00000000ec900000,0x00000000ec9aca80,0x00000000ecc00000)
  to   space 3072K, 0% used [0x00000000ec600000,0x00000000ec600000,0x00000000ec900000)
 ParOldGen       total 30208K, used 2802K [0x00000000c1200000, 0x00000000c2f80000, 0x00000000eb100000)
  object space 30208K, 9% used [0x00000000c1200000,0x00000000c14bc9b0,0x00000000c2f80000)
 Metaspace       used 14832K, capacity 15448K, committed 15744K, reserved 1067008K
  class space    used 2167K, capacity 2336K, committed 2432K, reserved 1048576K
}
Event: 23.371 GC heap before
{Heap before GC invocations=12 (full 1):
 PSYoungGen      total 24576K, used 22194K [0x00000000eb100000, 0x00000000ecc00000, 0x0000000100000000)
  eden space 21504K, 100% used [0x00000000eb100000,0x00000000ec600000,0x00000000ec600000)
  from space 3072K, 22% used [0x00000000ec900000,0x00000000ec9aca80,0x00000000ecc00000)
  to   space 3072K, 0% used [0x00000000ec600000,0x00000000ec600000,0x00000000ec900000)
 ParOldGen       total 30208K, used 2802K [0x00000000c1200000, 0x00000000c2f80000, 0x00000000eb100000)
  object space 30208K, 9% used [0x00000000c1200000,0x00000000c14bc9b0,0x00000000c2f80000)
 Metaspace       used 14832K, capacity 15448K, committed 15744K, reserved 1067008K
  class space    used 2167K, capacity 2336K, committed 2432K, reserved 1048576K
Event: 23.375 GC heap after
Heap after GC invocations=12 (full 1):
 PSYoungGen      total 24576K, used 690K [0x00000000eb100000, 0x00000000ecd80000, 0x0000000100000000)
  eden space 21504K, 0% used [0x00000000eb100000,0x00000000eb100000,0x00000000ec600000)
  from space 3072K, 22% used [0x00000000ec600000,0x00000000ec6aca80,0x00000000ec900000)
  to   space 3072K, 0% used [0x00000000eca80000,0x00000000eca80000,0x00000000ecd80000)
 ParOldGen       total 30208K, used 2802K [0x00000000c1200000, 0x00000000c2f80000, 0x00000000eb100000)
  object space 30208K, 9% used [0x00000000c1200000,0x00000000c14bc9b0,0x00000000c2f80000)
 Metaspace       used 14832K, capacity 15448K, committed 15744K, reserved 1067008K
  class space    used 2167K, capacity 2336K, committed 2432K, reserved 1048576K
}
Event: 28.730 GC heap before
{Heap before GC invocations=13 (full 1):
 PSYoungGen      total 24576K, used 22194K [0x00000000eb100000, 0x00000000ecd80000, 0x0000000100000000)
  eden space 21504K, 100% used [0x00000000eb100000,0x00000000ec600000,0x00000000ec600000)
  from space 3072K, 22% used [0x00000000ec600000,0x00000000ec6aca80,0x00000000ec900000)
  to   space 3072K, 0% used [0x00000000eca80000,0x00000000eca80000,0x00000000ecd80000)
 ParOldGen       total 30208K, used 2802K [0x00000000c1200000, 0x00000000c2f80000, 0x00000000eb100000)
  object space 30208K, 9% used [0x00000000c1200000,0x00000000c14bc9b0,0x00000000c2f80000)
 Metaspace       used 14832K, capacity 15448K, committed 15744K, reserved 1067008K
  class space    used 2167K, capacity 2336K, committed 2432K, reserved 1048576K
Event: 28.734 GC heap after
Heap after GC invocations=13 (full 1):
 PSYoungGen      total 25088K, used 690K [0x00000000eb100000, 0x00000000ecd00000, 0x0000000100000000)
  eden space 22528K, 0% used [0x00000000eb100000,0x00000000eb100000,0x00000000ec700000)
  from space 2560K, 26% used [0x00000000eca80000,0x00000000ecb2ca80,0x00000000ecd00000)
  to   space 3072K, 0% used [0x00000000ec700000,0x00000000ec700000,0x00000000eca00000)
 ParOldGen       total 30208K, used 2802K [0x00000000c1200000, 0x00000000c2f80000, 0x00000000eb100000)
  object space 30208K, 9% used [0x00000000c1200000,0x00000000c14bc9b0,0x00000000c2f80000)
 Metaspace       used 14832K, capacity 15448K, committed 15744K, reserved 1067008K
  class space    used 2167K, capacity 2336K, committed 2432K, reserved 1048576K
}

